[2025-05-12 12:52:20,653][__main__][INFO] - Found GPU with device_name NVIDIA GeForce RTX 3090. Will run RFdiffusion on NVIDIA GeForce RTX 3090
[2025-05-12 12:52:20,653][rfdiffusion.inference.model_runners][INFO] - Reading checkpoint from /oscar/data/rsingh47/wli115/cs2840-final/RFdiffusion/rfdiffusion/inference/../../models/Base_ckpt.pt
[2025-05-12 12:52:25,815][rfdiffusion.inference.model_runners][INFO] - Loading checkpoint.
[2025-05-12 12:52:26,012][rfdiffusion.diffusion][INFO] - Calculating IGSO3.
[2025-05-12 12:52:58,294][__main__][INFO] - Making design test_outputs/test_0
[2025-05-12 12:52:58,300][rfdiffusion.inference.model_runners][INFO] - Using contig: ['150-150']
[2025-05-12 12:52:58,344][rfdiffusion.inference.model_runners][INFO] - Sequence init: ------------------------------------------------------------------------------------------------------------------------------------------------------
[2025-05-12 12:53:03,073][rfdiffusion.inference.model_runners][INFO] - Timestep 50, input to next step: ------------------------------------------------------------------------------------------------------------------------------------------------------
[2025-05-12 12:53:03,728][rfdiffusion.inference.model_runners][INFO] - Timestep 49, input to next step: ------------------------------------------------------------------------------------------------------------------------------------------------------
[2025-05-12 12:53:04,319][rfdiffusion.inference.model_runners][INFO] - Timestep 48, input to next step: ------------------------------------------------------------------------------------------------------------------------------------------------------
[2025-05-12 12:53:04,910][rfdiffusion.inference.model_runners][INFO] - Timestep 47, input to next step: ------------------------------------------------------------------------------------------------------------------------------------------------------
[2025-05-12 12:53:05,497][rfdiffusion.inference.model_runners][INFO] - Timestep 46, input to next step: ------------------------------------------------------------------------------------------------------------------------------------------------------
[2025-05-12 12:53:06,085][rfdiffusion.inference.model_runners][INFO] - Timestep 45, input to next step: ------------------------------------------------------------------------------------------------------------------------------------------------------
[2025-05-12 12:53:06,675][rfdiffusion.inference.model_runners][INFO] - Timestep 44, input to next step: ------------------------------------------------------------------------------------------------------------------------------------------------------
[2025-05-12 12:53:07,264][rfdiffusion.inference.model_runners][INFO] - Timestep 43, input to next step: ------------------------------------------------------------------------------------------------------------------------------------------------------
[2025-05-12 12:53:07,854][rfdiffusion.inference.model_runners][INFO] - Timestep 42, input to next step: ------------------------------------------------------------------------------------------------------------------------------------------------------
[2025-05-12 12:53:08,445][rfdiffusion.inference.model_runners][INFO] - Timestep 41, input to next step: ------------------------------------------------------------------------------------------------------------------------------------------------------
[2025-05-12 12:53:09,035][rfdiffusion.inference.model_runners][INFO] - Timestep 40, input to next step: ------------------------------------------------------------------------------------------------------------------------------------------------------
[2025-05-12 12:53:09,625][rfdiffusion.inference.model_runners][INFO] - Timestep 39, input to next step: ------------------------------------------------------------------------------------------------------------------------------------------------------
[2025-05-12 12:53:10,216][rfdiffusion.inference.model_runners][INFO] - Timestep 38, input to next step: ------------------------------------------------------------------------------------------------------------------------------------------------------
[2025-05-12 12:53:10,806][rfdiffusion.inference.model_runners][INFO] - Timestep 37, input to next step: ------------------------------------------------------------------------------------------------------------------------------------------------------
[2025-05-12 12:53:11,397][rfdiffusion.inference.model_runners][INFO] - Timestep 36, input to next step: ------------------------------------------------------------------------------------------------------------------------------------------------------
[2025-05-12 12:53:11,989][rfdiffusion.inference.model_runners][INFO] - Timestep 35, input to next step: ------------------------------------------------------------------------------------------------------------------------------------------------------
[2025-05-12 12:53:12,581][rfdiffusion.inference.model_runners][INFO] - Timestep 34, input to next step: ------------------------------------------------------------------------------------------------------------------------------------------------------
[2025-05-12 12:53:13,172][rfdiffusion.inference.model_runners][INFO] - Timestep 33, input to next step: ------------------------------------------------------------------------------------------------------------------------------------------------------
[2025-05-12 12:53:13,763][rfdiffusion.inference.model_runners][INFO] - Timestep 32, input to next step: ------------------------------------------------------------------------------------------------------------------------------------------------------
[2025-05-12 12:53:14,355][rfdiffusion.inference.model_runners][INFO] - Timestep 31, input to next step: ------------------------------------------------------------------------------------------------------------------------------------------------------
[2025-05-12 12:53:14,946][rfdiffusion.inference.model_runners][INFO] - Timestep 30, input to next step: ------------------------------------------------------------------------------------------------------------------------------------------------------
[2025-05-12 12:53:15,537][rfdiffusion.inference.model_runners][INFO] - Timestep 29, input to next step: ------------------------------------------------------------------------------------------------------------------------------------------------------
[2025-05-12 12:53:16,132][rfdiffusion.inference.model_runners][INFO] - Timestep 28, input to next step: ------------------------------------------------------------------------------------------------------------------------------------------------------
[2025-05-12 12:53:16,724][rfdiffusion.inference.model_runners][INFO] - Timestep 27, input to next step: ------------------------------------------------------------------------------------------------------------------------------------------------------
[2025-05-12 12:53:17,315][rfdiffusion.inference.model_runners][INFO] - Timestep 26, input to next step: ------------------------------------------------------------------------------------------------------------------------------------------------------
[2025-05-12 12:53:17,906][rfdiffusion.inference.model_runners][INFO] - Timestep 25, input to next step: ------------------------------------------------------------------------------------------------------------------------------------------------------
[2025-05-12 12:53:18,497][rfdiffusion.inference.model_runners][INFO] - Timestep 24, input to next step: ------------------------------------------------------------------------------------------------------------------------------------------------------
[2025-05-12 12:53:19,086][rfdiffusion.inference.model_runners][INFO] - Timestep 23, input to next step: ------------------------------------------------------------------------------------------------------------------------------------------------------
[2025-05-12 12:53:19,675][rfdiffusion.inference.model_runners][INFO] - Timestep 22, input to next step: ------------------------------------------------------------------------------------------------------------------------------------------------------
[2025-05-12 12:53:20,265][rfdiffusion.inference.model_runners][INFO] - Timestep 21, input to next step: ------------------------------------------------------------------------------------------------------------------------------------------------------
[2025-05-12 12:53:20,860][rfdiffusion.inference.model_runners][INFO] - Timestep 20, input to next step: ------------------------------------------------------------------------------------------------------------------------------------------------------
[2025-05-12 12:53:21,450][rfdiffusion.inference.model_runners][INFO] - Timestep 19, input to next step: ------------------------------------------------------------------------------------------------------------------------------------------------------
[2025-05-12 12:53:22,041][rfdiffusion.inference.model_runners][INFO] - Timestep 18, input to next step: ------------------------------------------------------------------------------------------------------------------------------------------------------
[2025-05-12 12:53:22,633][rfdiffusion.inference.model_runners][INFO] - Timestep 17, input to next step: ------------------------------------------------------------------------------------------------------------------------------------------------------
[2025-05-12 12:53:23,225][rfdiffusion.inference.model_runners][INFO] - Timestep 16, input to next step: ------------------------------------------------------------------------------------------------------------------------------------------------------
[2025-05-12 12:53:23,816][rfdiffusion.inference.model_runners][INFO] - Timestep 15, input to next step: ------------------------------------------------------------------------------------------------------------------------------------------------------
[2025-05-12 12:53:24,408][rfdiffusion.inference.model_runners][INFO] - Timestep 14, input to next step: ------------------------------------------------------------------------------------------------------------------------------------------------------
[2025-05-12 12:53:24,999][rfdiffusion.inference.model_runners][INFO] - Timestep 13, input to next step: ------------------------------------------------------------------------------------------------------------------------------------------------------
[2025-05-12 12:53:25,590][rfdiffusion.inference.model_runners][INFO] - Timestep 12, input to next step: ------------------------------------------------------------------------------------------------------------------------------------------------------
[2025-05-12 12:53:26,179][rfdiffusion.inference.model_runners][INFO] - Timestep 11, input to next step: ------------------------------------------------------------------------------------------------------------------------------------------------------
[2025-05-12 12:53:26,769][rfdiffusion.inference.model_runners][INFO] - Timestep 10, input to next step: ------------------------------------------------------------------------------------------------------------------------------------------------------
[2025-05-12 12:53:27,357][rfdiffusion.inference.model_runners][INFO] - Timestep 9, input to next step: ------------------------------------------------------------------------------------------------------------------------------------------------------
[2025-05-12 12:53:27,946][rfdiffusion.inference.model_runners][INFO] - Timestep 8, input to next step: ------------------------------------------------------------------------------------------------------------------------------------------------------
[2025-05-12 12:53:28,534][rfdiffusion.inference.model_runners][INFO] - Timestep 7, input to next step: ------------------------------------------------------------------------------------------------------------------------------------------------------
[2025-05-12 12:53:29,122][rfdiffusion.inference.model_runners][INFO] - Timestep 6, input to next step: ------------------------------------------------------------------------------------------------------------------------------------------------------
[2025-05-12 12:53:29,712][rfdiffusion.inference.model_runners][INFO] - Timestep 5, input to next step: ------------------------------------------------------------------------------------------------------------------------------------------------------
[2025-05-12 12:53:30,301][rfdiffusion.inference.model_runners][INFO] - Timestep 4, input to next step: ------------------------------------------------------------------------------------------------------------------------------------------------------
[2025-05-12 12:53:30,890][rfdiffusion.inference.model_runners][INFO] - Timestep 3, input to next step: ------------------------------------------------------------------------------------------------------------------------------------------------------
[2025-05-12 12:53:31,479][rfdiffusion.inference.model_runners][INFO] - Timestep 2, input to next step: ------------------------------------------------------------------------------------------------------------------------------------------------------
[2025-05-12 12:53:34,186][__main__][INFO] - Finished design in 0.60 minutes
